Fri Sep 09 09:20:21 Saved as file M:\HORLOGE\HORLOGE.MAX
Fri Sep 09 09:20:21 Saved as file BACKUP1.MAX
Fri Sep 09 09:20:21 Saved as file M:\HORLOGE\HORLOGE.MAX
Fri Sep 09 09:20:21 UserDiv from Layout.INI for AutoECO: 60
Fri Sep 09 09:20:21 Loaded file M:\HORLOGE\HORLOGE.MAX
Fri Sep 09 09:20:21 Loaded file M:\LIBRAIRIES_ORCAD\JMS.LLB
Fri Sep 09 09:20:22 Loaded file C:\ORCAD_91\USERLIB\MOD_PCB2.LLB
Fri Sep 09 09:20:22 Loaded file C:\ORCAD_91\USERLIB\AJOUT_04_04_22.LLB
Fri Sep 09 09:20:22 Loaded file C:\LIBRAIRIES ORCAD JMS\JMS.LLB
Fri Sep 09 09:20:22 Loaded file C:\OrCAD_91\Layout\library\BCON100T.llb
Fri Sep 09 09:20:22 Loaded file C:\OrCAD_91\Layout\library\BCON156T.llb
Fri Sep 09 09:20:22 Loaded file C:\OrCAD_91\Layout\library\BGA.llb
Fri Sep 09 09:20:22 Loaded file C:\OrCAD_91\Layout\library\CLCC.llb
Fri Sep 09 09:20:22 Loaded file C:\OrCAD_91\Layout\library\DCON050T.llb
Fri Sep 09 09:20:22 Loaded file C:\OrCAD_91\Layout\library\DCON085T.llb
Fri Sep 09 09:20:22 Loaded file C:\OrCAD_91\Layout\library\DIMM050F.llb
Fri Sep 09 09:20:22 Loaded file C:\OrCAD_91\Layout\library\DIMM050T.llb
Fri Sep 09 09:20:22 Loaded file C:\OrCAD_91\Layout\library\DIN.llb
Fri Sep 09 09:20:22 Loaded file C:\OrCAD_91\Layout\library\DIP100B.llb
Fri Sep 09 09:20:22 Loaded file C:\OrCAD_91\Layout\library\DIP100T.llb
Fri Sep 09 09:20:22 Loaded file C:\OrCAD_91\Layout\library\DSUBT.llb
Fri Sep 09 09:20:22 Loaded file C:\OrCAD_91\Layout\library\DSUBT_HD.LLB
Fri Sep 09 09:20:22 Loaded file C:\OrCAD_91\Layout\library\ECON100T.llb
Fri Sep 09 09:20:22 Loaded file C:\OrCAD_91\Layout\library\FBUS.llb
Fri Sep 09 09:20:22 Loaded file C:\OrCAD_91\Layout\library\ISA.llb
Fri Sep 09 09:20:22 Loaded file C:\OrCAD_91\Layout\library\JUMPER.LLB
Fri Sep 09 09:20:22 Loaded file C:\OrCAD_91\Layout\library\LAYOUT.llb
Fri Sep 09 09:20:22 Loaded file C:\OrCAD_91\Layout\library\LCON100T.llb
Fri Sep 09 09:20:22 Loaded file C:\OrCAD_91\Layout\library\PC104.llb
Fri Sep 09 09:20:22 Loaded file C:\OrCAD_91\Layout\library\PCI.llb
Fri Sep 09 09:20:22 Loaded file C:\OrCAD_91\Layout\library\PCON100T.llb
Fri Sep 09 09:20:22 Loaded file C:\OrCAD_91\Layout\library\PCON156T.llb
Fri Sep 09 09:20:22 Loaded file C:\OrCAD_91\Layout\library\PGA.llb
Fri Sep 09 09:20:22 Loaded file C:\OrCAD_91\Layout\library\PLCC.llb
Fri Sep 09 09:20:22 Loaded file C:\OrCAD_91\Layout\library\QUAD.llb
Fri Sep 09 09:20:22 Loaded file C:\OrCAD_91\Layout\library\QUADB.llb
Fri Sep 09 09:20:22 Loaded file C:\OrCAD_91\Layout\library\RELAY.llb
Fri Sep 09 09:20:22 Loaded file C:\OrCAD_91\Layout\library\RF.llb
Fri Sep 09 09:20:22 Loaded file C:\OrCAD_91\Layout\library\SBUS.llb
Fri Sep 09 09:20:22 Loaded file C:\OrCAD_91\Layout\library\SIMM050F.llb
Fri Sep 09 09:20:22 Loaded file C:\OrCAD_91\Layout\library\SIMM050T.llb
Fri Sep 09 09:20:22 Loaded file C:\OrCAD_91\Layout\library\SIMM100F.llb
Fri Sep 09 09:20:22 Loaded file C:\OrCAD_91\Layout\library\SIMM100T.llb
Fri Sep 09 09:20:22 Loaded file C:\OrCAD_91\Layout\library\SIP.llb
Fri Sep 09 09:20:22 Loaded file C:\OrCAD_91\Layout\library\SM.llb
Fri Sep 09 09:20:22 Loaded file C:\OrCAD_91\Layout\library\SOG.llb
Fri Sep 09 09:20:22 Loaded file C:\OrCAD_91\Layout\library\SOJ.llb
Fri Sep 09 09:20:22 Loaded file C:\OrCAD_91\Layout\library\STIFF.llb
Fri Sep 09 09:20:22 Loaded file C:\OrCAD_91\Layout\library\TELE.llb
Fri Sep 09 09:20:22 Loaded file C:\OrCAD_91\Layout\library\TM_AXIAL.llb
Fri Sep 09 09:20:22 Loaded file C:\OrCAD_91\Layout\library\TM_CAP_P.llb
Fri Sep 09 09:20:22 Loaded file C:\OrCAD_91\Layout\library\TM_CYLND.llb
Fri Sep 09 09:20:22 Loaded file C:\OrCAD_91\Layout\library\TM_DIODE.llb
Fri Sep 09 09:20:22 Loaded file C:\OrCAD_91\Layout\library\TM_DISC.llb
Fri Sep 09 09:20:22 Loaded file C:\OrCAD_91\Layout\library\TM_RAD.llb
Fri Sep 09 09:20:22 Loaded file C:\OrCAD_91\Layout\library\TO.llb
Fri Sep 09 09:20:22 Loaded file C:\OrCAD_91\Layout\library\TRAINING.LLB
Fri Sep 09 09:20:22 Loaded file C:\OrCAD_91\Layout\library\VRES.llb
Fri Sep 09 09:20:22 Loaded file C:\OrCAD_91\Layout\library\WCON100T.llb
Fri Sep 09 09:20:22 Loaded file C:\OrCAD_91\Layout\library\XT.llb
Fri Sep 09 09:20:22 Loaded file C:\OrCAD_91\Layout\library\ZIGZAG.llb
Fri Sep 09 09:20:22 Loaded file M:\LIBRAIRIES_ORCAD\JMS.LLB
Fri Sep 09 09:20:23 Loaded file C:\ORCAD_91\USERLIB\AJOUT_04_04_22.LLB
Fri Sep 09 09:20:23 Loaded file C:\ORCAD_91\USERLIB\AJOUT_04_04_22.LLB
Fri Sep 09 09:20:23 Loaded file M:\LIBRAIRIES_ORCAD\JMS.LLB
Fri Sep 09 09:20:23 Loaded file M:\LIBRAIRIES_ORCAD\JMS.LLB
Fri Sep 09 09:20:23 Loaded file M:\LIBRAIRIES_ORCAD\JMS.LLB
Fri Sep 09 09:20:23 Loaded file M:\LIBRAIRIES_ORCAD\JMS.LLB
Fri Sep 09 09:20:23 Loaded file M:\LIBRAIRIES_ORCAD\JMS.LLB
Fri Sep 09 09:20:23 Loaded file M:\LIBRAIRIES_ORCAD\JMS.LLB
Fri Sep 09 09:23:43 Loaded file C:\ORCAD_91\LAYOUT\data\template.imp
Fri Sep 09 09:23:43 Loaded file C:\ORCAD_91\LAYOUT\data\template.imp
Fri Sep 09 09:23:47 Loaded file N:\_1STS 2022_2023\ELECTRONIQUE 2022_2023\_PROJET 1STS_ MESURE NIVEAU CUVES_2022-2023\LIBRAIRIES_ORCAD\JMS.LLB
Fri Sep 09 09:23:53 Loaded file C:\ORCAD_91\LAYOUT\data\template.imp
Fri Sep 09 09:23:55 Loaded file C:\ORCAD_91\LAYOUT\data\template.imp
Fri Sep 09 09:23:56 Loaded file C:\ORCAD_91\LAYOUT\data\template.imp
Fri Sep 09 09:24:01 Loaded file C:\ORCAD_91\LAYOUT\data\template.imp
Fri Sep 09 09:24:06 Loaded file M:\LIBRAIRIES_ORCAD\JMS.LLB
Fri Sep 09 09:24:06 Saved as file M:\HORLOGE\HORLOGE.MAX
Fri Sep 09 09:24:06 Loaded file M:\HORLOGE\HORLOGE.MAX
Fri Sep 09 09:24:19 Saved as file M:\HORLOGE\HORLOGE.MAX
Fri Sep 09 09:30:31 Saved as file BACKUP1.MAX
Fri Sep 09 09:37:55 Error code 5200.306
Fri Sep 09 09:37:55 Saved as file Backup0.max
Fri Sep 09 09:37:55 Windows which were open at time of error:
Fri Sep 09 09:37:55 	ActiveWindow: Library Manager
Fri Sep 09 09:37:55 End-of-list
Fri Sep 09 09:37:55 Loaded file BACKUP0.MAX
Fri Sep 09 09:46:13 Saved as file M:\HORLOGE\HORLOGE.MAX
Fri Sep 09 09:46:13 Saved as file M:\HORLOGE\HORLOGE.MAX
Fri Sep 09 09:46:13 Saved as file M:\HORLOGE\HORLOGE.MAX
Fri Sep 09 09:46:13 Saved as file M:\HORLOGE\HORLOGE.MAX
Fri Sep 09 09:47:56 Saved as file BACKUP1.MAX
Fri Sep 09 09:59:24 Saved as file BACKUP1.MAX
Fri Sep 09 10:09:24 Saved as file BACKUP1.MAX
Fri Sep 09 10:19:24 Saved as file BACKUP1.MAX
Fri Sep 09 10:29:24 Saved as file BACKUP1.MAX
Fri Sep 09 10:44:04 Saved as file M:\HORLOGE\HORLOGE.MAX
Fri Sep 09 10:44:04 Saved as file BACKUP1.MAX
Fri Sep 09 10:44:05 Saved as file M:\HORLOGE\HORLOGE.MAX
Fri Sep 09 10:44:05 UserDiv from Layout.INI for AutoECO: 60
Fri Sep 09 10:44:05 Loaded file M:\HORLOGE\HORLOGE.MAX
Fri Sep 09 10:44:05 Loaded file N:\_1STS 2022_2023\ELECTRONIQUE 2022_2023\_PROJET 1STS_ MESURE NIVEAU CUVES_2022-2023\LIBRAIRIES_ORCAD\JMS.LLB
Fri Sep 09 10:44:05 Loaded file C:\ORCAD_91\USERLIB\MOD_PCB2.LLB
Fri Sep 09 10:44:05 Loaded file C:\ORCAD_91\USERLIB\AJOUT_04_04_22.LLB
Fri Sep 09 10:44:05 Loaded file C:\OrCAD_91\Layout\library\BCON100T.llb
Fri Sep 09 10:44:05 Loaded file C:\OrCAD_91\Layout\library\BCON156T.llb
Fri Sep 09 10:44:05 Loaded file C:\OrCAD_91\Layout\library\BGA.llb
Fri Sep 09 10:44:05 Loaded file C:\OrCAD_91\Layout\library\CLCC.llb
Fri Sep 09 10:44:05 Loaded file C:\OrCAD_91\Layout\library\DCON050T.llb
Fri Sep 09 10:44:05 Loaded file C:\OrCAD_91\Layout\library\DCON085T.llb
Fri Sep 09 10:44:05 Loaded file C:\OrCAD_91\Layout\library\DIMM050F.llb
Fri Sep 09 10:44:05 Loaded file C:\OrCAD_91\Layout\library\DIMM050T.llb
Fri Sep 09 10:44:05 Loaded file C:\OrCAD_91\Layout\library\DIN.llb
Fri Sep 09 10:44:05 Loaded file C:\OrCAD_91\Layout\library\DIP100B.llb
Fri Sep 09 10:44:05 Loaded file C:\OrCAD_91\Layout\library\DIP100T.llb
Fri Sep 09 10:44:05 Loaded file C:\OrCAD_91\Layout\library\DSUBT.llb
Fri Sep 09 10:44:05 Loaded file C:\OrCAD_91\Layout\library\DSUBT_HD.LLB
Fri Sep 09 10:44:05 Loaded file C:\OrCAD_91\Layout\library\ECON100T.llb
Fri Sep 09 10:44:05 Loaded file C:\OrCAD_91\Layout\library\FBUS.llb
Fri Sep 09 10:44:05 Loaded file C:\OrCAD_91\Layout\library\ISA.llb
Fri Sep 09 10:44:05 Loaded file C:\OrCAD_91\Layout\library\JUMPER.LLB
Fri Sep 09 10:44:05 Loaded file C:\OrCAD_91\Layout\library\LAYOUT.llb
Fri Sep 09 10:44:05 Loaded file C:\OrCAD_91\Layout\library\LCON100T.llb
Fri Sep 09 10:44:05 Loaded file C:\OrCAD_91\Layout\library\PC104.llb
Fri Sep 09 10:44:05 Loaded file C:\OrCAD_91\Layout\library\PCI.llb
Fri Sep 09 10:44:05 Loaded file C:\OrCAD_91\Layout\library\PCON100T.llb
Fri Sep 09 10:44:05 Loaded file C:\OrCAD_91\Layout\library\PCON156T.llb
Fri Sep 09 10:44:05 Loaded file C:\OrCAD_91\Layout\library\PGA.llb
Fri Sep 09 10:44:05 Loaded file C:\OrCAD_91\Layout\library\PLCC.llb
Fri Sep 09 10:44:05 Loaded file C:\OrCAD_91\Layout\library\QUAD.llb
Fri Sep 09 10:44:05 Loaded file C:\OrCAD_91\Layout\library\QUADB.llb
Fri Sep 09 10:44:05 Loaded file C:\OrCAD_91\Layout\library\RELAY.llb
Fri Sep 09 10:44:05 Loaded file C:\OrCAD_91\Layout\library\RF.llb
Fri Sep 09 10:44:05 Loaded file C:\OrCAD_91\Layout\library\SBUS.llb
Fri Sep 09 10:44:05 Loaded file C:\OrCAD_91\Layout\library\SIMM050F.llb
Fri Sep 09 10:44:05 Loaded file C:\OrCAD_91\Layout\library\SIMM050T.llb
Fri Sep 09 10:44:05 Loaded file C:\OrCAD_91\Layout\library\SIMM100F.llb
Fri Sep 09 10:44:05 Loaded file C:\OrCAD_91\Layout\library\SIMM100T.llb
Fri Sep 09 10:44:05 Loaded file C:\OrCAD_91\Layout\library\SIP.llb
Fri Sep 09 10:44:05 Loaded file C:\OrCAD_91\Layout\library\SM.llb
Fri Sep 09 10:44:05 Loaded file C:\OrCAD_91\Layout\library\SOG.llb
Fri Sep 09 10:44:05 Loaded file C:\OrCAD_91\Layout\library\SOJ.llb
Fri Sep 09 10:44:05 Loaded file C:\OrCAD_91\Layout\library\STIFF.llb
Fri Sep 09 10:44:05 Loaded file C:\OrCAD_91\Layout\library\TELE.llb
Fri Sep 09 10:44:05 Loaded file C:\OrCAD_91\Layout\library\TM_AXIAL.llb
Fri Sep 09 10:44:05 Loaded file C:\OrCAD_91\Layout\library\TM_CAP_P.llb
Fri Sep 09 10:44:05 Loaded file C:\OrCAD_91\Layout\library\TM_CYLND.llb
Fri Sep 09 10:44:05 Loaded file C:\OrCAD_91\Layout\library\TM_DIODE.llb
Fri Sep 09 10:44:05 Loaded file C:\OrCAD_91\Layout\library\TM_DISC.llb
Fri Sep 09 10:44:05 Loaded file C:\OrCAD_91\Layout\library\TM_RAD.llb
Fri Sep 09 10:44:05 Loaded file C:\OrCAD_91\Layout\library\TO.llb
Fri Sep 09 10:44:05 Loaded file C:\OrCAD_91\Layout\library\TRAINING.LLB
Fri Sep 09 10:44:05 Loaded file C:\OrCAD_91\Layout\library\VRES.llb
Fri Sep 09 10:44:05 Loaded file C:\OrCAD_91\Layout\library\WCON100T.llb
Fri Sep 09 10:44:05 Loaded file C:\OrCAD_91\Layout\library\XT.llb
Fri Sep 09 10:44:05 Loaded file C:\OrCAD_91\Layout\library\ZIGZAG.llb
Fri Sep 09 10:44:05 Loaded file N:\_1STS 2022_2023\ELECTRONIQUE 2022_2023\_PROJET 1STS_ MESURE NIVEAU CUVES_2022-2023\LIBRAIRIES_ORCAD\JMS.LLB
Fri Sep 09 10:44:05 Loaded file C:\ORCAD_91\USERLIB\AJOUT_04_04_22.LLB
Fri Sep 09 10:44:05 Loaded file C:\ORCAD_91\USERLIB\AJOUT_04_04_22.LLB
Fri Sep 09 10:44:05 Loaded file N:\_1STS 2022_2023\ELECTRONIQUE 2022_2023\_PROJET 1STS_ MESURE NIVEAU CUVES_2022-2023\LIBRAIRIES_ORCAD\JMS.LLB
Fri Sep 09 10:44:05 Loaded file N:\_1STS 2022_2023\ELECTRONIQUE 2022_2023\_PROJET 1STS_ MESURE NIVEAU CUVES_2022-2023\LIBRAIRIES_ORCAD\JMS.LLB
Fri Sep 09 10:44:05 Loaded file N:\_1STS 2022_2023\ELECTRONIQUE 2022_2023\_PROJET 1STS_ MESURE NIVEAU CUVES_2022-2023\LIBRAIRIES_ORCAD\JMS.LLB
Fri Sep 09 10:44:05 Loaded file N:\_1STS 2022_2023\ELECTRONIQUE 2022_2023\_PROJET 1STS_ MESURE NIVEAU CUVES_2022-2023\LIBRAIRIES_ORCAD\JMS.LLB
Fri Sep 09 10:44:05 Loaded file N:\_1STS 2022_2023\ELECTRONIQUE 2022_2023\_PROJET 1STS_ MESURE NIVEAU CUVES_2022-2023\LIBRAIRIES_ORCAD\JMS.LLB
Fri Sep 09 10:44:05 Loaded file N:\_1STS 2022_2023\ELECTRONIQUE 2022_2023\_PROJET 1STS_ MESURE NIVEAU CUVES_2022-2023\LIBRAIRIES_ORCAD\JMS.LLB
Fri Sep 09 10:44:05 Loaded file N:\_1STS 2022_2023\ELECTRONIQUE 2022_2023\_PROJET 1STS_ MESURE NIVEAU CUVES_2022-2023\LIBRAIRIES_ORCAD\JMS.LLB
Fri Sep 09 10:44:05 Saved as file M:\HORLOGE\HORLOGE.MAX
Fri Sep 09 10:44:05 Loaded file M:\HORLOGE\HORLOGE.MAX
Fri Sep 09 10:45:25 Saved as file BACKUP1.MAX
Fri Sep 09 10:55:25 Saved as file BACKUP1.MAX
