Tue Sep 06 14:03:03 Saved as file M:\ELECTRONIQUE\HORLOGE JMS\HORLOGE.MAX
Tue Sep 06 14:03:03 Saved as file BACKUP1.MAX
Tue Sep 06 14:03:03 Saved as file M:\ELECTRONIQUE\HORLOGE JMS\HORLOGE.MAX
Tue Sep 06 14:03:03 UserDiv from Layout.INI for AutoECO: 60
Tue Sep 06 14:03:03 Loaded file M:\ELECTRONIQUE\HORLOGE JMS\HORLOGE.MAX
Tue Sep 06 14:03:03 Loaded file C:\_TRAVAIL_LOCAL\P21_THERMOSTAT_TG\ORCAD LIBRARY\COMP_2021.LLB
Tue Sep 06 14:03:03 Loaded file C:\OrCAD_91\Layout\library\BCON100T.llb
Tue Sep 06 14:03:03 Loaded file C:\OrCAD_91\Layout\library\BCON156T.llb
Tue Sep 06 14:03:03 Loaded file C:\OrCAD_91\Layout\library\BGA.llb
Tue Sep 06 14:03:03 Loaded file C:\OrCAD_91\Layout\library\CLCC.llb
Tue Sep 06 14:03:03 Loaded file C:\OrCAD_91\Layout\library\DCON050T.llb
Tue Sep 06 14:03:03 Loaded file C:\OrCAD_91\Layout\library\DCON085T.llb
Tue Sep 06 14:03:03 Loaded file C:\OrCAD_91\Layout\library\DIMM050F.llb
Tue Sep 06 14:03:03 Loaded file C:\OrCAD_91\Layout\library\DIMM050T.llb
Tue Sep 06 14:03:03 Loaded file C:\OrCAD_91\Layout\library\DIN.llb
Tue Sep 06 14:03:03 Loaded file C:\OrCAD_91\Layout\library\DIP100B.llb
Tue Sep 06 14:03:03 Loaded file C:\OrCAD_91\Layout\library\DIP100T.llb
Tue Sep 06 14:03:03 Loaded file C:\OrCAD_91\Layout\library\DSUBT.llb
Tue Sep 06 14:03:03 Loaded file C:\OrCAD_91\Layout\library\DSUBT_HD.LLB
Tue Sep 06 14:03:03 Loaded file C:\OrCAD_91\Layout\library\ECON100T.llb
Tue Sep 06 14:03:03 Loaded file C:\OrCAD_91\Layout\library\FBUS.llb
Tue Sep 06 14:03:03 Loaded file C:\OrCAD_91\Layout\library\ISA.llb
Tue Sep 06 14:03:03 Loaded file C:\OrCAD_91\Layout\library\JUMPER.LLB
Tue Sep 06 14:03:03 Loaded file C:\OrCAD_91\Layout\library\LAYOUT.llb
Tue Sep 06 14:03:03 Loaded file C:\OrCAD_91\Layout\library\LCON100T.llb
Tue Sep 06 14:03:03 Loaded file C:\OrCAD_91\Layout\library\PC104.llb
Tue Sep 06 14:03:03 Loaded file C:\OrCAD_91\Layout\library\PCI.llb
Tue Sep 06 14:03:03 Loaded file C:\OrCAD_91\Layout\library\PCON100T.llb
Tue Sep 06 14:03:03 Loaded file C:\OrCAD_91\Layout\library\PCON156T.llb
Tue Sep 06 14:03:03 Loaded file C:\OrCAD_91\Layout\library\PGA.llb
Tue Sep 06 14:03:03 Loaded file C:\OrCAD_91\Layout\library\PLCC.llb
Tue Sep 06 14:03:03 Loaded file C:\OrCAD_91\Layout\library\QUAD.llb
Tue Sep 06 14:03:03 Loaded file C:\OrCAD_91\Layout\library\QUADB.llb
Tue Sep 06 14:03:03 Loaded file C:\OrCAD_91\Layout\library\RELAY.llb
Tue Sep 06 14:03:03 Loaded file C:\OrCAD_91\Layout\library\RF.llb
Tue Sep 06 14:03:03 Loaded file C:\OrCAD_91\Layout\library\SBUS.llb
Tue Sep 06 14:03:03 Loaded file C:\OrCAD_91\Layout\library\SIMM050F.llb
Tue Sep 06 14:03:03 Loaded file C:\OrCAD_91\Layout\library\SIMM050T.llb
Tue Sep 06 14:03:03 Loaded file C:\OrCAD_91\Layout\library\SIMM100F.llb
Tue Sep 06 14:03:03 Loaded file C:\OrCAD_91\Layout\library\SIMM100T.llb
Tue Sep 06 14:03:03 Loaded file C:\OrCAD_91\Layout\library\SIP.llb
Tue Sep 06 14:03:03 Loaded file C:\OrCAD_91\Layout\library\SM.llb
Tue Sep 06 14:03:03 Loaded file C:\OrCAD_91\Layout\library\SOG.llb
Tue Sep 06 14:03:03 Loaded file C:\OrCAD_91\Layout\library\SOJ.llb
Tue Sep 06 14:03:03 Loaded file C:\OrCAD_91\Layout\library\STIFF.llb
Tue Sep 06 14:03:03 Loaded file C:\OrCAD_91\Layout\library\TELE.llb
Tue Sep 06 14:03:03 Loaded file C:\OrCAD_91\Layout\library\TM_AXIAL.llb
Tue Sep 06 14:03:03 Loaded file C:\OrCAD_91\Layout\library\TM_CAP_P.llb
Tue Sep 06 14:03:04 Loaded file C:\OrCAD_91\Layout\library\TM_CYLND.llb
Tue Sep 06 14:03:04 Loaded file C:\OrCAD_91\Layout\library\TM_DIODE.llb
Tue Sep 06 14:03:04 Loaded file C:\OrCAD_91\Layout\library\TM_DISC.llb
Tue Sep 06 14:03:04 Loaded file C:\OrCAD_91\Layout\library\TM_RAD.llb
Tue Sep 06 14:03:04 Loaded file C:\OrCAD_91\Layout\library\TO.llb
Tue Sep 06 14:03:04 Loaded file C:\OrCAD_91\Layout\library\TRAINING.LLB
Tue Sep 06 14:03:04 Loaded file C:\OrCAD_91\Layout\library\VRES.llb
Tue Sep 06 14:03:04 Loaded file C:\OrCAD_91\Layout\library\WCON100T.llb
Tue Sep 06 14:03:04 Loaded file C:\OrCAD_91\Layout\library\XT.llb
Tue Sep 06 14:03:04 Loaded file C:\OrCAD_91\Layout\library\ZIGZAG.llb
Tue Sep 06 14:05:47 Loaded file C:\ORCAD_91\LAYOUT\data\template.imp
Tue Sep 06 14:05:47 Loaded file C:\ORCAD_91\LAYOUT\data\template.imp
Tue Sep 06 14:06:33 Loaded file M:\ELECTRONIQUE\HORLOGE JMS\HORLOGE.MAX
Tue Sep 06 14:24:52 Saved as file M:\ELECTRONIQUE\HORLOGE JMS\HORLOGE.MAX
Tue Sep 06 14:29:59 Saved as file BACKUP1.MAX
Tue Sep 06 14:39:59 Saved as file BACKUP1.MAX
Tue Sep 06 14:49:44 Saved as file M:\ELECTRONIQUE\HORLOGE JMS\HORLOGE.MAX
Tue Sep 06 14:50:29 Saved as file BACKUP1.MAX
Tue Sep 06 14:54:32 Loaded file C:\OrCAD_91\Layout\data\template.imp
Tue Sep 06 14:54:32 Loaded file C:\OrCAD_91\Layout\data\template.imp
Tue Sep 06 14:54:34 Loaded file M:\ELECTRONIQUE\LIBRAIRIES_ORCAD\JMS.LLB
Tue Sep 06 14:54:39 Loaded file C:\OrCAD_91\Layout\data\template.imp
Tue Sep 06 14:55:43 Loaded file C:\OrCAD_91\Layout\data\template.imp
Tue Sep 06 14:55:43 Loaded file C:\OrCAD_91\Layout\data\template.imp
Tue Sep 06 14:55:48 Loaded file M:\ELECTRONIQUE\LIBRAIRIES_ORCAD\JMS.LLB
Tue Sep 06 14:56:03 Loaded file C:\OrCAD_91\Layout\data\template.imp
Tue Sep 06 14:56:25 Loaded file C:\OrCAD_91\Layout\data\template.imp
Tue Sep 06 14:56:25 Loaded file C:\OrCAD_91\Layout\data\template.imp
Tue Sep 06 14:56:27 Loaded file M:\ELECTRONIQUE\LIBRAIRIES_ORCAD\JMS.LLB
Tue Sep 06 14:56:32 Loaded file C:\OrCAD_91\Layout\data\template.imp
Tue Sep 06 15:03:00 Saved as file BACKUP1.MAX
Tue Sep 06 15:13:00 Saved as file BACKUP1.MAX
Tue Sep 06 15:23:00 Saved as file BACKUP1.MAX
Tue Sep 06 15:33:31 Saved as file BACKUP1.MAX
Tue Sep 06 15:39:24 Saved as file M:\ELECTRONIQUE\HORLOGE JMS\HORLOGE.MAX
Tue Sep 06 15:43:31 Saved as file BACKUP1.MAX
Tue Sep 06 15:50:01 Saved as file M:\ELECTRONIQUE\HORLOGE JMS\HORLOGE.MAX
Tue Sep 06 15:53:31 Saved as file BACKUP1.MAX
Tue Sep 06 16:02:22 Loaded file C:\OrCAD_91\Layout\data\template.imp
Tue Sep 06 16:02:22 Loaded file C:\OrCAD_91\Layout\data\template.imp
Tue Sep 06 16:03:32 Saved as file BACKUP1.MAX
Tue Sep 06 16:09:07 Loaded file C:\OrCAD_91\Layout\data\template.imp
Tue Sep 06 16:09:07 Loaded file C:\OrCAD_91\Layout\data\template.imp
Tue Sep 06 16:09:07 Loaded file C:\OrCAD_91\Layout\data\template.imp
Tue Sep 06 16:09:07 Loaded file C:\OrCAD_91\Layout\data\template.imp
Tue Sep 06 16:09:15 Loaded file M:\ELECTRONIQUE\LIBRAIRIES_ORCAD\AJOUT10_05_16.LLB
Tue Sep 06 16:09:20 Loaded file M:\ELECTRONIQUE\LIBRAIRIES_ORCAD\AJOUT10_05_16.LLB
Tue Sep 06 16:09:20 Loaded file M:\ELECTRONIQUE\LIBRAIRIES_ORCAD\AJOUT11_04_12.LLB
Tue Sep 06 16:09:20 Loaded file M:\ELECTRONIQUE\LIBRAIRIES_ORCAD\JMS.LLB
Tue Sep 06 16:09:20 Loaded file M:\ELECTRONIQUE\LIBRAIRIES_ORCAD\STS_1L.LLB
Tue Sep 06 16:09:20 Loaded file C:\_TRAVAIL_LOCAL\P21_THERMOSTAT_TG\ORCAD LIBRARY\COMP_2021.LLB
Tue Sep 06 16:09:20 Loaded file C:\OrCAD_91\Layout\library\BCON100T.llb
Tue Sep 06 16:09:20 Loaded file C:\OrCAD_91\Layout\library\BCON156T.llb
Tue Sep 06 16:09:20 Loaded file C:\OrCAD_91\Layout\library\BGA.llb
Tue Sep 06 16:09:20 Loaded file C:\OrCAD_91\Layout\library\CLCC.llb
Tue Sep 06 16:09:20 Loaded file C:\OrCAD_91\Layout\library\DCON050T.llb
Tue Sep 06 16:09:20 Loaded file C:\OrCAD_91\Layout\library\DCON085T.llb
Tue Sep 06 16:09:20 Loaded file C:\OrCAD_91\Layout\library\DIMM050F.llb
Tue Sep 06 16:09:20 Loaded file C:\OrCAD_91\Layout\library\DIMM050T.llb
Tue Sep 06 16:09:20 Loaded file C:\OrCAD_91\Layout\library\DIN.llb
Tue Sep 06 16:09:20 Loaded file C:\OrCAD_91\Layout\library\DIP100B.llb
Tue Sep 06 16:09:20 Loaded file C:\OrCAD_91\Layout\library\DIP100T.llb
Tue Sep 06 16:09:20 Loaded file C:\OrCAD_91\Layout\library\DSUBT.llb
Tue Sep 06 16:09:20 Loaded file C:\OrCAD_91\Layout\library\DSUBT_HD.LLB
Tue Sep 06 16:09:20 Loaded file C:\OrCAD_91\Layout\library\ECON100T.llb
Tue Sep 06 16:09:20 Loaded file C:\OrCAD_91\Layout\library\FBUS.llb
Tue Sep 06 16:09:20 Loaded file C:\OrCAD_91\Layout\library\ISA.llb
Tue Sep 06 16:09:20 Loaded file C:\OrCAD_91\Layout\library\JUMPER.LLB
Tue Sep 06 16:09:20 Loaded file C:\OrCAD_91\Layout\library\LAYOUT.llb
Tue Sep 06 16:09:20 Loaded file C:\OrCAD_91\Layout\library\LCON100T.llb
Tue Sep 06 16:09:20 Loaded file C:\OrCAD_91\Layout\library\PC104.llb
Tue Sep 06 16:09:20 Loaded file C:\OrCAD_91\Layout\library\PCI.llb
Tue Sep 06 16:09:20 Loaded file C:\OrCAD_91\Layout\library\PCON100T.llb
Tue Sep 06 16:09:20 Loaded file C:\OrCAD_91\Layout\library\PCON156T.llb
Tue Sep 06 16:09:20 Loaded file C:\OrCAD_91\Layout\library\PGA.llb
Tue Sep 06 16:09:20 Loaded file C:\OrCAD_91\Layout\library\PLCC.llb
Tue Sep 06 16:09:20 Loaded file C:\OrCAD_91\Layout\library\QUAD.llb
Tue Sep 06 16:09:20 Loaded file C:\OrCAD_91\Layout\library\QUADB.llb
Tue Sep 06 16:09:20 Loaded file C:\OrCAD_91\Layout\library\RELAY.llb
Tue Sep 06 16:09:20 Loaded file C:\OrCAD_91\Layout\library\RF.llb
Tue Sep 06 16:09:20 Loaded file C:\OrCAD_91\Layout\library\SBUS.llb
Tue Sep 06 16:09:20 Loaded file C:\OrCAD_91\Layout\library\SIMM050F.llb
Tue Sep 06 16:09:20 Loaded file C:\OrCAD_91\Layout\library\SIMM050T.llb
Tue Sep 06 16:09:20 Loaded file C:\OrCAD_91\Layout\library\SIMM100F.llb
Tue Sep 06 16:09:20 Loaded file C:\OrCAD_91\Layout\library\SIMM100T.llb
Tue Sep 06 16:09:20 Loaded file C:\OrCAD_91\Layout\library\SIP.llb
Tue Sep 06 16:09:20 Loaded file C:\OrCAD_91\Layout\library\SM.llb
Tue Sep 06 16:09:20 Loaded file C:\OrCAD_91\Layout\library\SOG.llb
Tue Sep 06 16:09:20 Loaded file C:\OrCAD_91\Layout\library\SOJ.llb
Tue Sep 06 16:09:20 Loaded file C:\OrCAD_91\Layout\library\STIFF.llb
Tue Sep 06 16:09:20 Loaded file C:\OrCAD_91\Layout\library\TELE.llb
Tue Sep 06 16:09:21 Loaded file C:\OrCAD_91\Layout\library\TM_AXIAL.llb
Tue Sep 06 16:09:21 Loaded file C:\OrCAD_91\Layout\library\TM_CAP_P.llb
Tue Sep 06 16:09:21 Loaded file C:\OrCAD_91\Layout\library\TM_CYLND.llb
Tue Sep 06 16:09:21 Loaded file C:\OrCAD_91\Layout\library\TM_DIODE.llb
Tue Sep 06 16:09:21 Loaded file C:\OrCAD_91\Layout\library\TM_DISC.llb
Tue Sep 06 16:09:21 Loaded file C:\OrCAD_91\Layout\library\TM_RAD.llb
Tue Sep 06 16:09:21 Loaded file C:\OrCAD_91\Layout\library\TO.llb
Tue Sep 06 16:09:21 Loaded file C:\OrCAD_91\Layout\library\TRAINING.LLB
Tue Sep 06 16:09:21 Loaded file C:\OrCAD_91\Layout\library\VRES.llb
Tue Sep 06 16:09:21 Loaded file C:\OrCAD_91\Layout\library\WCON100T.llb
Tue Sep 06 16:09:21 Loaded file C:\OrCAD_91\Layout\library\XT.llb
Tue Sep 06 16:09:21 Loaded file C:\OrCAD_91\Layout\library\ZIGZAG.llb
Tue Sep 06 16:09:37 Loaded file C:\OrCAD_91\Layout\data\template.imp
Tue Sep 06 16:09:39 Loaded file C:\OrCAD_91\Layout\data\template.imp
Tue Sep 06 16:09:40 Loaded file C:\OrCAD_91\Layout\data\template.imp
Tue Sep 06 16:09:44 Loaded file C:\OrCAD_91\Layout\data\template.imp
Tue Sep 06 16:12:27 Loaded file C:\OrCAD_91\Layout\data\template.imp
Tue Sep 06 16:12:27 Loaded file C:\OrCAD_91\Layout\data\template.imp
Tue Sep 06 16:12:27 Loaded file C:\OrCAD_91\Layout\data\template.imp
Tue Sep 06 16:12:27 Loaded file C:\OrCAD_91\Layout\data\template.imp
Tue Sep 06 16:12:39 Loaded file M:\ELECTRONIQUE\LIBRAIRIES_ORCAD\AJOUT10_05_16.LLB
Tue Sep 06 16:12:42 Loaded file M:\ELECTRONIQUE\LIBRAIRIES_ORCAD\AJOUT10_05_16.LLB
Tue Sep 06 16:12:42 Loaded file M:\ELECTRONIQUE\LIBRAIRIES_ORCAD\AJOUT11_04_12.LLB
Tue Sep 06 16:12:42 Loaded file M:\ELECTRONIQUE\LIBRAIRIES_ORCAD\JMS.LLB
Tue Sep 06 16:12:42 Loaded file M:\ELECTRONIQUE\LIBRAIRIES_ORCAD\STS_1L.LLB
Tue Sep 06 16:12:42 Loaded file C:\_TRAVAIL_LOCAL\P21_THERMOSTAT_TG\ORCAD LIBRARY\COMP_2021.LLB
Tue Sep 06 16:12:42 Loaded file C:\OrCAD_91\Layout\library\BCON100T.llb
Tue Sep 06 16:12:42 Loaded file C:\OrCAD_91\Layout\library\BCON156T.llb
Tue Sep 06 16:12:42 Loaded file C:\OrCAD_91\Layout\library\BGA.llb
Tue Sep 06 16:12:42 Loaded file C:\OrCAD_91\Layout\library\CLCC.llb
Tue Sep 06 16:12:42 Loaded file C:\OrCAD_91\Layout\library\DCON050T.llb
Tue Sep 06 16:12:42 Loaded file C:\OrCAD_91\Layout\library\DCON085T.llb
Tue Sep 06 16:12:42 Loaded file C:\OrCAD_91\Layout\library\DIMM050F.llb
Tue Sep 06 16:12:42 Loaded file C:\OrCAD_91\Layout\library\DIMM050T.llb
Tue Sep 06 16:12:42 Loaded file C:\OrCAD_91\Layout\library\DIN.llb
Tue Sep 06 16:12:42 Loaded file C:\OrCAD_91\Layout\library\DIP100B.llb
Tue Sep 06 16:12:42 Loaded file C:\OrCAD_91\Layout\library\DIP100T.llb
Tue Sep 06 16:12:42 Loaded file C:\OrCAD_91\Layout\library\DSUBT.llb
Tue Sep 06 16:12:42 Loaded file C:\OrCAD_91\Layout\library\DSUBT_HD.LLB
Tue Sep 06 16:12:42 Loaded file C:\OrCAD_91\Layout\library\ECON100T.llb
Tue Sep 06 16:12:42 Loaded file C:\OrCAD_91\Layout\library\FBUS.llb
Tue Sep 06 16:12:42 Loaded file C:\OrCAD_91\Layout\library\ISA.llb
Tue Sep 06 16:12:42 Loaded file C:\OrCAD_91\Layout\library\JUMPER.LLB
Tue Sep 06 16:12:42 Loaded file C:\OrCAD_91\Layout\library\LAYOUT.llb
Tue Sep 06 16:12:42 Loaded file C:\OrCAD_91\Layout\library\LCON100T.llb
Tue Sep 06 16:12:42 Loaded file C:\OrCAD_91\Layout\library\PC104.llb
Tue Sep 06 16:12:42 Loaded file C:\OrCAD_91\Layout\library\PCI.llb
Tue Sep 06 16:12:42 Loaded file C:\OrCAD_91\Layout\library\PCON100T.llb
Tue Sep 06 16:12:42 Loaded file C:\OrCAD_91\Layout\library\PCON156T.llb
Tue Sep 06 16:12:42 Loaded file C:\OrCAD_91\Layout\library\PGA.llb
Tue Sep 06 16:12:42 Loaded file C:\OrCAD_91\Layout\library\PLCC.llb
Tue Sep 06 16:12:42 Loaded file C:\OrCAD_91\Layout\library\QUAD.llb
Tue Sep 06 16:12:42 Loaded file C:\OrCAD_91\Layout\library\QUADB.llb
Tue Sep 06 16:12:42 Loaded file C:\OrCAD_91\Layout\library\RELAY.llb
Tue Sep 06 16:12:42 Loaded file C:\OrCAD_91\Layout\library\RF.llb
Tue Sep 06 16:12:42 Loaded file C:\OrCAD_91\Layout\library\SBUS.llb
Tue Sep 06 16:12:42 Loaded file C:\OrCAD_91\Layout\library\SIMM050F.llb
Tue Sep 06 16:12:42 Loaded file C:\OrCAD_91\Layout\library\SIMM050T.llb
Tue Sep 06 16:12:42 Loaded file C:\OrCAD_91\Layout\library\SIMM100F.llb
Tue Sep 06 16:12:42 Loaded file C:\OrCAD_91\Layout\library\SIMM100T.llb
Tue Sep 06 16:12:42 Loaded file C:\OrCAD_91\Layout\library\SIP.llb
Tue Sep 06 16:12:42 Loaded file C:\OrCAD_91\Layout\library\SM.llb
Tue Sep 06 16:12:42 Loaded file C:\OrCAD_91\Layout\library\SOG.llb
Tue Sep 06 16:12:42 Loaded file C:\OrCAD_91\Layout\library\SOJ.llb
Tue Sep 06 16:12:42 Loaded file C:\OrCAD_91\Layout\library\STIFF.llb
Tue Sep 06 16:12:42 Loaded file C:\OrCAD_91\Layout\library\TELE.llb
Tue Sep 06 16:12:42 Loaded file C:\OrCAD_91\Layout\library\TM_AXIAL.llb
Tue Sep 06 16:12:42 Loaded file C:\OrCAD_91\Layout\library\TM_CAP_P.llb
Tue Sep 06 16:12:42 Loaded file C:\OrCAD_91\Layout\library\TM_CYLND.llb
Tue Sep 06 16:12:42 Loaded file C:\OrCAD_91\Layout\library\TM_DIODE.llb
Tue Sep 06 16:12:42 Loaded file C:\OrCAD_91\Layout\library\TM_DISC.llb
Tue Sep 06 16:12:42 Loaded file C:\OrCAD_91\Layout\library\TM_RAD.llb
Tue Sep 06 16:12:42 Loaded file C:\OrCAD_91\Layout\library\TO.llb
Tue Sep 06 16:12:42 Loaded file C:\OrCAD_91\Layout\library\TRAINING.LLB
Tue Sep 06 16:12:42 Loaded file C:\OrCAD_91\Layout\library\VRES.llb
Tue Sep 06 16:12:42 Loaded file C:\OrCAD_91\Layout\library\WCON100T.llb
Tue Sep 06 16:12:42 Loaded file C:\OrCAD_91\Layout\library\XT.llb
Tue Sep 06 16:12:42 Loaded file C:\OrCAD_91\Layout\library\ZIGZAG.llb
Tue Sep 06 16:12:48 Loaded file C:\OrCAD_91\Layout\data\template.imp
Tue Sep 06 16:12:56 Loaded file C:\OrCAD_91\Layout\data\template.imp
Tue Sep 06 16:12:59 Loaded file C:\OrCAD_91\Layout\data\template.imp
Tue Sep 06 16:13:00 Loaded file C:\OrCAD_91\Layout\data\template.imp
Tue Sep 06 16:13:01 Loaded file C:\OrCAD_91\Layout\data\template.imp
Tue Sep 06 16:13:12 Loaded file C:\OrCAD_91\Layout\data\template.imp
Tue Sep 06 16:14:26 Loaded file C:\OrCAD_91\Layout\data\template.imp
Tue Sep 06 16:14:30 Loaded file C:\OrCAD_91\Layout\data\template.imp
Tue Sep 06 16:14:36 Loaded file C:\OrCAD_91\Layout\data\template.imp
Tue Sep 06 16:14:39 Loaded file C:\OrCAD_91\Layout\data\template.imp
Tue Sep 06 16:14:54 Loaded file C:\OrCAD_91\Layout\data\template.imp
Tue Sep 06 16:14:56 Loaded file C:\OrCAD_91\Layout\data\template.imp
Tue Sep 06 16:14:58 Loaded file C:\OrCAD_91\Layout\data\template.imp
Tue Sep 06 16:15:00 Loaded file C:\OrCAD_91\Layout\data\template.imp
Tue Sep 06 16:15:04 Loaded file C:\OrCAD_91\Layout\data\template.imp
Tue Sep 06 16:15:07 Loaded file C:\OrCAD_91\Layout\data\template.imp
Tue Sep 06 16:15:11 Loaded file C:\OrCAD_91\Layout\data\template.imp
Tue Sep 06 16:17:02 Saved as file BACKUP1.MAX
Tue Sep 06 16:21:25 Saved as file BACKUP1.MAX
Tue Sep 06 16:21:25 Saved as file M:\ELECTRONIQUE\HORLOGE JMS\HORLOGE.MAX
Tue Sep 06 16:21:25 UserDiv from Layout.INI for AutoECO: 60
Tue Sep 06 16:21:25 Loaded file M:\ELECTRONIQUE\HORLOGE JMS\HORLOGE.MAX
Tue Sep 06 16:21:26 Loaded file M:\ELECTRONIQUE\LIBRAIRIES_ORCAD\AJOUT10_05_16.LLB
Tue Sep 06 16:21:26 Loaded file M:\ELECTRONIQUE\LIBRAIRIES_ORCAD\AJOUT11_04_12.LLB
Tue Sep 06 16:21:26 Loaded file M:\ELECTRONIQUE\LIBRAIRIES_ORCAD\JMS.LLB
Tue Sep 06 16:21:26 Loaded file M:\ELECTRONIQUE\LIBRAIRIES_ORCAD\STS_1L.LLB
Tue Sep 06 16:21:26 Loaded file C:\_TRAVAIL_LOCAL\P21_THERMOSTAT_TG\ORCAD LIBRARY\COMP_2021.LLB
Tue Sep 06 16:21:26 Loaded file C:\OrCAD_91\Layout\library\BCON100T.llb
Tue Sep 06 16:21:26 Loaded file C:\OrCAD_91\Layout\library\BCON156T.llb
Tue Sep 06 16:21:26 Loaded file C:\OrCAD_91\Layout\library\BGA.llb
Tue Sep 06 16:21:26 Loaded file C:\OrCAD_91\Layout\library\CLCC.llb
Tue Sep 06 16:21:26 Loaded file C:\OrCAD_91\Layout\library\DCON050T.llb
Tue Sep 06 16:21:26 Loaded file C:\OrCAD_91\Layout\library\DCON085T.llb
Tue Sep 06 16:21:26 Loaded file C:\OrCAD_91\Layout\library\DIMM050F.llb
Tue Sep 06 16:21:26 Loaded file C:\OrCAD_91\Layout\library\DIMM050T.llb
Tue Sep 06 16:21:26 Loaded file C:\OrCAD_91\Layout\library\DIN.llb
Tue Sep 06 16:21:26 Loaded file C:\OrCAD_91\Layout\library\DIP100B.llb
Tue Sep 06 16:21:26 Loaded file C:\OrCAD_91\Layout\library\DIP100T.llb
Tue Sep 06 16:21:26 Loaded file C:\OrCAD_91\Layout\library\DSUBT.llb
Tue Sep 06 16:21:26 Loaded file C:\OrCAD_91\Layout\library\DSUBT_HD.LLB
Tue Sep 06 16:21:26 Loaded file C:\OrCAD_91\Layout\library\ECON100T.llb
Tue Sep 06 16:21:26 Loaded file C:\OrCAD_91\Layout\library\FBUS.llb
Tue Sep 06 16:21:26 Loaded file C:\OrCAD_91\Layout\library\ISA.llb
Tue Sep 06 16:21:26 Loaded file C:\OrCAD_91\Layout\library\JUMPER.LLB
Tue Sep 06 16:21:26 Loaded file C:\OrCAD_91\Layout\library\LAYOUT.llb
Tue Sep 06 16:21:26 Loaded file C:\OrCAD_91\Layout\library\LCON100T.llb
Tue Sep 06 16:21:26 Loaded file C:\OrCAD_91\Layout\library\PC104.llb
Tue Sep 06 16:21:26 Loaded file C:\OrCAD_91\Layout\library\PCI.llb
Tue Sep 06 16:21:26 Loaded file C:\OrCAD_91\Layout\library\PCON100T.llb
Tue Sep 06 16:21:26 Loaded file C:\OrCAD_91\Layout\library\PCON156T.llb
Tue Sep 06 16:21:26 Loaded file C:\OrCAD_91\Layout\library\PGA.llb
Tue Sep 06 16:21:26 Loaded file C:\OrCAD_91\Layout\library\PLCC.llb
Tue Sep 06 16:21:26 Loaded file C:\OrCAD_91\Layout\library\QUAD.llb
Tue Sep 06 16:21:26 Loaded file C:\OrCAD_91\Layout\library\QUADB.llb
Tue Sep 06 16:21:26 Loaded file C:\OrCAD_91\Layout\library\RELAY.llb
Tue Sep 06 16:21:26 Loaded file C:\OrCAD_91\Layout\library\RF.llb
Tue Sep 06 16:21:26 Loaded file C:\OrCAD_91\Layout\library\SBUS.llb
Tue Sep 06 16:21:26 Loaded file C:\OrCAD_91\Layout\library\SIMM050F.llb
Tue Sep 06 16:21:26 Loaded file C:\OrCAD_91\Layout\library\SIMM050T.llb
Tue Sep 06 16:21:26 Loaded file C:\OrCAD_91\Layout\library\SIMM100F.llb
Tue Sep 06 16:21:26 Loaded file C:\OrCAD_91\Layout\library\SIMM100T.llb
Tue Sep 06 16:21:26 Loaded file C:\OrCAD_91\Layout\library\SIP.llb
Tue Sep 06 16:21:26 Loaded file C:\OrCAD_91\Layout\library\SM.llb
Tue Sep 06 16:21:26 Loaded file C:\OrCAD_91\Layout\library\SOG.llb
Tue Sep 06 16:21:26 Loaded file C:\OrCAD_91\Layout\library\SOJ.llb
Tue Sep 06 16:21:26 Loaded file C:\OrCAD_91\Layout\library\STIFF.llb
Tue Sep 06 16:21:26 Loaded file C:\OrCAD_91\Layout\library\TELE.llb
Tue Sep 06 16:21:26 Loaded file C:\OrCAD_91\Layout\library\TM_AXIAL.llb
Tue Sep 06 16:21:26 Loaded file C:\OrCAD_91\Layout\library\TM_CAP_P.llb
Tue Sep 06 16:21:26 Loaded file C:\OrCAD_91\Layout\library\TM_CYLND.llb
Tue Sep 06 16:21:26 Loaded file C:\OrCAD_91\Layout\library\TM_DIODE.llb
Tue Sep 06 16:21:26 Loaded file C:\OrCAD_91\Layout\library\TM_DISC.llb
Tue Sep 06 16:21:26 Loaded file C:\OrCAD_91\Layout\library\TM_RAD.llb
Tue Sep 06 16:21:26 Loaded file C:\OrCAD_91\Layout\library\TO.llb
Tue Sep 06 16:21:26 Loaded file C:\OrCAD_91\Layout\library\TRAINING.LLB
Tue Sep 06 16:21:26 Loaded file C:\OrCAD_91\Layout\library\VRES.llb
Tue Sep 06 16:21:26 Loaded file C:\OrCAD_91\Layout\library\WCON100T.llb
Tue Sep 06 16:21:26 Loaded file C:\OrCAD_91\Layout\library\XT.llb
Tue Sep 06 16:21:26 Loaded file C:\OrCAD_91\Layout\library\ZIGZAG.llb
Tue Sep 06 16:21:26 Saved as file M:\ELECTRONIQUE\HORLOGE JMS\HORLOGE.MAX
Tue Sep 06 16:21:26 Loaded file M:\ELECTRONIQUE\HORLOGE JMS\HORLOGE.MAX
Tue Sep 06 16:22:17 Saved as file M:\ELECTRONIQUE\HORLOGE JMS\HORLOGE1.MAX
Tue Sep 06 16:28:32 Saved as file BACKUP1.MAX
Tue Sep 06 16:37:18 Saved as file M:\ELECTRONIQUE\HORLOGE JMS\HORLOGE1.MAX
Tue Sep 06 16:38:33 Saved as file BACKUP1.MAX
Tue Sep 06 16:39:46 Saved as file M:\ELECTRONIQUE\HORLOGE JMS\HORLOGE1.MAX
Tue Sep 06 16:46:20 Saved as file M:\ELECTRONIQUE\HORLOGE JMS\HORLOGE1.MAX
Tue Sep 06 16:46:57 Saved as file M:\ELECTRONIQUE\HORLOGE JMS\HORLOGE1.MAX
Tue Sep 06 16:48:33 Saved as file BACKUP1.MAX
Tue Sep 06 16:51:39 Saved as file M:\ELECTRONIQUE\HORLOGE JMS\HORLOGE1.MAX
Tue Sep 06 16:55:54 Saved as file M:\ELECTRONIQUE\HORLOGE JMS\HORLOGE1.MAX
Fri Sep 09 08:14:57 Saved as file BACKUP1.MAX
Fri Sep 09 08:24:57 Saved as file BACKUP1.MAX
Fri Sep 09 08:30:49 Error code 0022.049 (5)
Fri Sep 09 08:30:49 Saved as file Backup0.max
Fri Sep 09 08:30:49 Windows which were open at time of error:
Fri Sep 09 08:30:49 	ActiveWindow: &Design
Fri Sep 09 08:30:49 	Icon: &Components
Fri Sep 09 08:30:49 	Icon: &Nets
Fri Sep 09 08:30:49 	Icon: Post Proces&s
Fri Sep 09 08:30:49 End-of-list
Fri Sep 09 08:30:53 Loaded file BACKUP0.MAX
Fri Sep 09 08:31:06 Saved as file M:\ELECTRONIQUE\HORLOGE JMS\HORLOGE2.MAX
Fri Sep 09 08:40:54 Saved as file BACKUP1.MAX
Fri Sep 09 08:51:03 Saved as file BACKUP1.MAX
Fri Sep 09 08:54:11 Error code 0022.049 (1)
Fri Sep 09 08:54:11 Saved as file Backup0.max
Fri Sep 09 08:54:11 Windows which were open at time of error:
Fri Sep 09 08:54:11 	ActiveWindow: &Design
Fri Sep 09 08:54:11 	Icon: &Components
Fri Sep 09 08:54:11 	Icon: &Nets
Fri Sep 09 08:54:11 	Icon: Post Proces&s
Fri Sep 09 08:54:11 End-of-list
Fri Sep 09 08:54:11 Loaded file BACKUP0.MAX
Fri Sep 09 09:04:42 Saved as file BACKUP1.MAX
Fri Sep 09 09:14:42 Saved as file BACKUP1.MAX
Fri Sep 09 09:24:42 Saved as file BACKUP1.MAX
Fri Sep 09 09:34:43 Saved as file BACKUP1.MAX
Fri Sep 09 09:45:13 Saved as file BACKUP1.MAX
Fri Sep 09 09:52:40 Saved as file M:\ELECTRONIQUE\HORLOGE JMS\HORLOGE3.MAX
Fri Sep 09 09:54:23 Saved as file M:\ELECTRONIQUE\HORLOGE JMS\HORLOGE3.MAX
Fri Sep 09 09:55:47 Saved as file BACKUP1.MAX
Fri Sep 09 10:05:47 Saved as file BACKUP1.MAX
Fri Sep 09 10:15:31 Loaded file C:\ORCAD_91\LAYOUT_PLUS\data\template.imp
Fri Sep 09 10:15:31 Loaded file C:\ORCAD_91\LAYOUT_PLUS\data\template.imp
Fri Sep 09 10:15:39 Loaded file C:\ORCAD_91\LAYOUT_PLUS\data\template.imp
Fri Sep 09 10:16:18 Saved as file BACKUP1.MAX
Fri Sep 09 10:16:19 Saved as file M:\ELECTRONIQUE\HORLOGE JMS\HORLOGE3.MAX
Fri Sep 09 10:16:21 Saved as file M:\ELECTRONIQUE\HORLOGE JMS\HORLOGE3.MAX
Fri Sep 09 10:26:14 Saved as file BACKUP1.MAX
Fri Sep 09 10:39:57 Saved as file M:\ELECTRONIQUE\HORLOGE JMS\HORLOGE3.MAX
Fri Sep 09 10:41:15 Saved as file BACKUP1.MAX
Fri Sep 09 10:46:32 Saved as file M:\ELECTRONIQUE\HORLOGE JMS\HORLOGE3.MAX
Fri Sep 09 10:50:13 Saved as file M:\ELECTRONIQUE\HORLOGE JMS\HORLOGE4.MAX
Fri Sep 09 10:50:22 Saved as file M:\ELECTRONIQUE\HORLOGE JMS\HORLOGE4.MAX
Fri Sep 09 10:52:45 Saved as file BACKUP1.MAX
Mon Sep 12 13:17:15 Saved as file BACKUP1.MAX
Mon Sep 12 13:28:45 Saved as file BACKUP1.MAX
Mon Sep 12 13:34:14 Saved as file M:\ELECTRONIQUE\HORLOGE JMS\HORLOGE4.MAX
Mon Sep 12 13:38:46 Saved as file BACKUP1.MAX
Mon Sep 12 13:48:46 Saved as file BACKUP1.MAX
Mon Sep 12 13:58:46 Saved as file BACKUP1.MAX
Mon Sep 12 14:08:47 Saved as file BACKUP1.MAX
Mon Sep 12 14:14:21 Saved as file M:\ELECTRONIQUE\HORLOGE JMS\HORLOGE4.MAX
Mon Sep 12 14:15:03 Saved as file M:\ELECTRONIQUE\HORLOGE JMS\HORLOGE4.MAX
Mon Sep 12 14:21:17 Saved as file BACKUP1.MAX
Mon Sep 12 14:31:22 Saved as file BACKUP1.MAX
Mon Sep 12 14:41:22 Saved as file BACKUP1.MAX
Mon Sep 12 14:51:18 Saved as file BACKUP1.MAX
Mon Sep 12 15:01:18 Saved as file BACKUP1.MAX
Mon Sep 12 15:11:18 Saved as file BACKUP1.MAX
Mon Sep 12 15:16:57 Loaded file E:\HORLOGE JMS\HORLOGE.MAX
Mon Sep 12 15:17:08 Loaded file E:\HORLOGE JMS\HORLOGE4.MAX
Mon Sep 12 15:17:52 Saved as file BACKUP1.MAX
Mon Sep 12 15:17:52 Saved as file E:\HORLOGE JMS\HORLOGE3.MAX
Mon Sep 12 15:17:52 UserDiv from Layout.INI for AutoECO: 60
Mon Sep 12 15:17:52 Loaded file E:\HORLOGE JMS\HORLOGE3.MAX
Mon Sep 12 15:17:52 Loaded file N:\_1STS 2022_2023\ELECTRONIQUE 2022_2023\_PROJET 1STS_ MESURE NIVEAU CUVES_2022-2023\LIBRAIRIES_ORCAD\JMS.LLB
Mon Sep 12 15:17:52 Loaded file C:\ORCAD_91\USERLIB\MOD_PCB2.LLB
Mon Sep 12 15:17:52 Loaded file C:\ORCAD_91\USERLIB\AJOUT_04_04_22.LLB
Mon Sep 12 15:17:52 Loaded file C:\OrCAD_91\Layout\library\BCON100T.llb
Mon Sep 12 15:17:52 Loaded file C:\OrCAD_91\Layout\library\BCON156T.llb
Mon Sep 12 15:17:52 Loaded file C:\OrCAD_91\Layout\library\BGA.llb
Mon Sep 12 15:17:52 Loaded file C:\OrCAD_91\Layout\library\CLCC.llb
Mon Sep 12 15:17:52 Loaded file C:\OrCAD_91\Layout\library\DCON050T.llb
Mon Sep 12 15:17:52 Loaded file C:\OrCAD_91\Layout\library\DCON085T.llb
Mon Sep 12 15:17:52 Loaded file C:\OrCAD_91\Layout\library\DIMM050F.llb
Mon Sep 12 15:17:52 Loaded file C:\OrCAD_91\Layout\library\DIMM050T.llb
Mon Sep 12 15:17:52 Loaded file C:\OrCAD_91\Layout\library\DIN.llb
Mon Sep 12 15:17:52 Loaded file C:\OrCAD_91\Layout\library\DIP100B.llb
Mon Sep 12 15:17:52 Loaded file C:\OrCAD_91\Layout\library\DIP100T.llb
Mon Sep 12 15:17:52 Loaded file C:\OrCAD_91\Layout\library\DSUBT.llb
Mon Sep 12 15:17:52 Loaded file C:\OrCAD_91\Layout\library\DSUBT_HD.LLB
Mon Sep 12 15:17:52 Loaded file C:\OrCAD_91\Layout\library\ECON100T.llb
Mon Sep 12 15:17:52 Loaded file C:\OrCAD_91\Layout\library\FBUS.llb
Mon Sep 12 15:17:52 Loaded file C:\OrCAD_91\Layout\library\ISA.llb
Mon Sep 12 15:17:52 Loaded file C:\OrCAD_91\Layout\library\JUMPER.LLB
Mon Sep 12 15:17:52 Loaded file C:\OrCAD_91\Layout\library\LAYOUT.llb
Mon Sep 12 15:17:52 Loaded file C:\OrCAD_91\Layout\library\LCON100T.llb
Mon Sep 12 15:17:52 Loaded file C:\OrCAD_91\Layout\library\PC104.llb
Mon Sep 12 15:17:52 Loaded file C:\OrCAD_91\Layout\library\PCI.llb
Mon Sep 12 15:17:52 Loaded file C:\OrCAD_91\Layout\library\PCON100T.llb
Mon Sep 12 15:17:52 Loaded file C:\OrCAD_91\Layout\library\PCON156T.llb
Mon Sep 12 15:17:52 Loaded file C:\OrCAD_91\Layout\library\PGA.llb
Mon Sep 12 15:17:52 Loaded file C:\OrCAD_91\Layout\library\PLCC.llb
Mon Sep 12 15:17:52 Loaded file C:\OrCAD_91\Layout\library\QUAD.llb
Mon Sep 12 15:17:52 Loaded file C:\OrCAD_91\Layout\library\QUADB.llb
Mon Sep 12 15:17:52 Loaded file C:\OrCAD_91\Layout\library\RELAY.llb
Mon Sep 12 15:17:52 Loaded file C:\OrCAD_91\Layout\library\RF.llb
Mon Sep 12 15:17:52 Loaded file C:\OrCAD_91\Layout\library\SBUS.llb
Mon Sep 12 15:17:53 Loaded file C:\OrCAD_91\Layout\library\SIMM050F.llb
Mon Sep 12 15:17:53 Loaded file C:\OrCAD_91\Layout\library\SIMM050T.llb
Mon Sep 12 15:17:53 Loaded file C:\OrCAD_91\Layout\library\SIMM100F.llb
Mon Sep 12 15:17:53 Loaded file C:\OrCAD_91\Layout\library\SIMM100T.llb
Mon Sep 12 15:17:53 Loaded file C:\OrCAD_91\Layout\library\SIP.llb
Mon Sep 12 15:17:53 Loaded file C:\OrCAD_91\Layout\library\SM.llb
Mon Sep 12 15:17:53 Loaded file C:\OrCAD_91\Layout\library\SOG.llb
Mon Sep 12 15:17:53 Loaded file C:\OrCAD_91\Layout\library\SOJ.llb
Mon Sep 12 15:17:53 Loaded file C:\OrCAD_91\Layout\library\STIFF.llb
Mon Sep 12 15:17:53 Loaded file C:\OrCAD_91\Layout\library\TELE.llb
Mon Sep 12 15:17:53 Loaded file C:\OrCAD_91\Layout\library\TM_AXIAL.llb
Mon Sep 12 15:17:53 Loaded file C:\OrCAD_91\Layout\library\TM_CAP_P.llb
Mon Sep 12 15:17:53 Loaded file C:\OrCAD_91\Layout\library\TM_CYLND.llb
Mon Sep 12 15:17:53 Loaded file C:\OrCAD_91\Layout\library\TM_DIODE.llb
Mon Sep 12 15:17:53 Loaded file C:\OrCAD_91\Layout\library\TM_DISC.llb
Mon Sep 12 15:17:53 Loaded file C:\OrCAD_91\Layout\library\TM_RAD.llb
Mon Sep 12 15:17:53 Loaded file C:\OrCAD_91\Layout\library\TO.llb
Mon Sep 12 15:17:53 Loaded file C:\OrCAD_91\Layout\library\TRAINING.LLB
Mon Sep 12 15:17:53 Loaded file C:\OrCAD_91\Layout\library\VRES.llb
Mon Sep 12 15:17:53 Loaded file C:\OrCAD_91\Layout\library\WCON100T.llb
Mon Sep 12 15:17:53 Loaded file C:\OrCAD_91\Layout\library\XT.llb
Mon Sep 12 15:17:53 Loaded file C:\OrCAD_91\Layout\library\ZIGZAG.llb
Mon Sep 12 15:17:53 Saved as file E:\HORLOGE JMS\HORLOGE3.MAX
Mon Sep 12 15:17:54 Loaded file E:\HORLOGE JMS\HORLOGE3.MAX
